2023-02-17 08:47:19,925 CRIT Supervisor is running as root.  Privileges were not dropped because no user is specified in the config file.  If you intend to run as root, you can set user=root in the config file to avoid this message.
2023-02-17 08:47:19,930 INFO RPC interface 'supervisor' initialized
2023-02-17 08:47:19,931 CRIT Server 'unix_http_server' running without any HTTP authentication checking
2023-02-17 08:47:19,933 INFO supervisord started with pid 1
2023-02-17 08:47:20,939 INFO spawned: 'laravel-prolongationoffer-worker-prd_00' with pid 8
2023-02-17 08:47:21,008 INFO exited: laravel-prolongationoffer-worker-prd_00 (exit status 1; not expected)
2023-02-17 08:47:22,016 INFO spawned: 'laravel-prolongationoffer-worker-prd_00' with pid 9
2023-02-17 08:47:22,047 INFO exited: laravel-prolongationoffer-worker-prd_00 (exit status 1; not expected)
2023-02-17 08:47:24,056 INFO spawned: 'laravel-prolongationoffer-worker-prd_00' with pid 10
2023-02-17 08:47:24,090 INFO exited: laravel-prolongationoffer-worker-prd_00 (exit status 1; not expected)
2023-02-17 08:47:27,113 INFO spawned: 'laravel-prolongationoffer-worker-prd_00' with pid 11
2023-02-17 08:47:27,159 INFO exited: laravel-prolongationoffer-worker-prd_00 (exit status 1; not expected)
2023-02-17 08:47:28,163 INFO gave up: laravel-prolongationoffer-worker-prd_00 entered FATAL state, too many start retries too quickly
2023-02-17 08:48:42,262 WARN received SIGQUIT indicating exit request
2023-02-17 08:49:04,021 CRIT Supervisor is running as root.  Privileges were not dropped because no user is specified in the config file.  If you intend to run as root, you can set user=root in the config file to avoid this message.
2023-02-17 08:49:04,028 INFO RPC interface 'supervisor' initialized
2023-02-17 08:49:04,028 CRIT Server 'unix_http_server' running without any HTTP authentication checking
2023-02-17 08:49:04,030 INFO supervisord started with pid 1
2023-02-17 08:49:05,035 INFO spawned: 'laravel-prolongationoffer-worker-prd_00' with pid 8
2023-02-17 08:49:05,064 INFO exited: laravel-prolongationoffer-worker-prd_00 (exit status 1; not expected)
2023-02-17 08:49:06,070 INFO spawned: 'laravel-prolongationoffer-worker-prd_00' with pid 9
2023-02-17 08:49:06,101 INFO exited: laravel-prolongationoffer-worker-prd_00 (exit status 1; not expected)
2023-02-17 08:49:08,110 INFO spawned: 'laravel-prolongationoffer-worker-prd_00' with pid 10
2023-02-17 08:49:08,141 INFO exited: laravel-prolongationoffer-worker-prd_00 (exit status 1; not expected)
2023-02-17 08:49:11,151 INFO spawned: 'laravel-prolongationoffer-worker-prd_00' with pid 11
2023-02-17 08:49:11,183 INFO exited: laravel-prolongationoffer-worker-prd_00 (exit status 1; not expected)
2023-02-17 08:49:12,186 INFO gave up: laravel-prolongationoffer-worker-prd_00 entered FATAL state, too many start retries too quickly
2023-02-17 08:49:47,229 WARN received SIGQUIT indicating exit request
2023-02-17 08:50:06,552 CRIT Supervisor is running as root.  Privileges were not dropped because no user is specified in the config file.  If you intend to run as root, you can set user=root in the config file to avoid this message.
2023-02-17 08:50:06,560 INFO RPC interface 'supervisor' initialized
2023-02-17 08:50:06,562 CRIT Server 'unix_http_server' running without any HTTP authentication checking
2023-02-17 08:50:06,567 INFO supervisord started with pid 1
2023-02-17 08:50:07,573 INFO spawned: 'laravel-prolongationoffer-worker-prd_00' with pid 8
2023-02-17 08:50:08,586 INFO success: laravel-prolongationoffer-worker-prd_00 entered RUNNING state, process has stayed up for > than 1 seconds (startsecs)
2023-02-17 08:51:22,679 WARN received SIGQUIT indicating exit request
2023-02-17 08:51:22,679 INFO waiting for laravel-prolongationoffer-worker-prd_00 to die
2023-02-17 08:51:22,683 INFO stopped: laravel-prolongationoffer-worker-prd_00 (terminated by SIGTERM)
2023-02-17 08:51:45,647 CRIT Supervisor is running as root.  Privileges were not dropped because no user is specified in the config file.  If you intend to run as root, you can set user=root in the config file to avoid this message.
2023-02-17 08:51:45,653 INFO supervisord started with pid 1
2023-02-17 08:51:46,657 INFO spawned: 'laravel-prolongationoffer-worker-prd_00' with pid 8
2023-02-17 08:51:47,697 INFO success: laravel-prolongationoffer-worker-prd_00 entered RUNNING state, process has stayed up for > than 1 seconds (startsecs)
2023-02-17 09:51:48,619 INFO exited: laravel-prolongationoffer-worker-prd_00 (exit status 0; expected)
2023-02-17 09:51:49,628 INFO spawned: 'laravel-prolongationoffer-worker-prd_00' with pid 93
2023-02-17 09:51:50,637 INFO success: laravel-prolongationoffer-worker-prd_00 entered RUNNING state, process has stayed up for > than 1 seconds (startsecs)
2023-02-17 09:56:55,669 INFO exited: laravel-prolongationoffer-worker-prd_00 (exit status 0; expected)
2023-02-17 09:56:56,676 INFO spawned: 'laravel-prolongationoffer-worker-prd_00' with pid 133
2023-02-17 09:56:57,685 INFO success: laravel-prolongationoffer-worker-prd_00 entered RUNNING state, process has stayed up for > than 1 seconds (startsecs)
2023-02-17 10:12:00,083 INFO exited: laravel-prolongationoffer-worker-prd_00 (exit status 0; expected)
2023-02-17 10:12:01,089 INFO spawned: 'laravel-prolongationoffer-worker-prd_00' with pid 157
2023-02-17 10:12:02,099 INFO success: laravel-prolongationoffer-worker-prd_00 entered RUNNING state, process has stayed up for > than 1 seconds (startsecs)
2023-02-17 10:13:15,352 INFO exited: laravel-prolongationoffer-worker-prd_00 (exit status 0; expected)
2023-02-17 10:13:16,357 INFO spawned: 'laravel-prolongationoffer-worker-prd_00' with pid 176
2023-02-17 10:13:17,367 INFO success: laravel-prolongationoffer-worker-prd_00 entered RUNNING state, process has stayed up for > than 1 seconds (startsecs)
2023-02-17 10:28:13,529 WARN received SIGQUIT indicating exit request
2023-02-17 10:28:13,530 INFO waiting for laravel-prolongationoffer-worker-prd_00 to die
2023-02-17 10:28:13,536 INFO stopped: laravel-prolongationoffer-worker-prd_00 (terminated by SIGTERM)
2023-02-17 10:28:40,832 CRIT Supervisor is running as root.  Privileges were not dropped because no user is specified in the config file.  If you intend to run as root, you can set user=root in the config file to avoid this message.
2023-02-17 10:28:40,838 INFO supervisord started with pid 1
2023-02-17 10:28:41,845 INFO spawned: 'laravel-prolongationoffer-worker-prd_00' with pid 8
2023-02-17 10:28:42,872 INFO success: laravel-prolongationoffer-worker-prd_00 entered RUNNING state, process has stayed up for > than 1 seconds (startsecs)
2023-02-17 12:18:36,045 WARN received SIGQUIT indicating exit request
2023-02-17 12:18:36,046 INFO waiting for laravel-prolongationoffer-worker-prd_00 to die
2023-02-17 12:18:36,053 INFO stopped: laravel-prolongationoffer-worker-prd_00 (terminated by SIGTERM)
2023-02-17 12:19:01,380 CRIT Supervisor is running as root.  Privileges were not dropped because no user is specified in the config file.  If you intend to run as root, you can set user=root in the config file to avoid this message.
2023-02-17 12:19:01,387 INFO supervisord started with pid 1
2023-02-17 12:19:02,394 INFO spawned: 'laravel-prolongationoffer-worker-prd_00' with pid 8
2023-02-17 12:19:03,411 INFO success: laravel-prolongationoffer-worker-prd_00 entered RUNNING state, process has stayed up for > than 1 seconds (startsecs)
2023-02-17 12:21:08,654 INFO exited: laravel-prolongationoffer-worker-prd_00 (exit status 0; expected)
2023-02-17 12:21:09,660 INFO spawned: 'laravel-prolongationoffer-worker-prd_00' with pid 26
2023-02-17 12:21:10,669 INFO success: laravel-prolongationoffer-worker-prd_00 entered RUNNING state, process has stayed up for > than 1 seconds (startsecs)
2023-02-17 12:22:22,068 INFO exited: laravel-prolongationoffer-worker-prd_00 (exit status 1; not expected)
2023-02-17 12:22:23,073 INFO spawned: 'laravel-prolongationoffer-worker-prd_00' with pid 47
2023-02-17 12:22:24,084 INFO success: laravel-prolongationoffer-worker-prd_00 entered RUNNING state, process has stayed up for > than 1 seconds (startsecs)
2023-02-17 12:22:29,470 INFO exited: laravel-prolongationoffer-worker-prd_00 (exit status 1; not expected)
2023-02-17 12:22:30,476 INFO spawned: 'laravel-prolongationoffer-worker-prd_00' with pid 54
2023-02-17 12:22:31,486 INFO success: laravel-prolongationoffer-worker-prd_00 entered RUNNING state, process has stayed up for > than 1 seconds (startsecs)
2023-02-17 12:26:29,491 INFO exited: laravel-prolongationoffer-worker-prd_00 (exit status 1; not expected)
2023-02-17 12:26:30,497 INFO spawned: 'laravel-prolongationoffer-worker-prd_00' with pid 61
2023-02-17 12:26:31,506 INFO success: laravel-prolongationoffer-worker-prd_00 entered RUNNING state, process has stayed up for > than 1 seconds (startsecs)
2023-02-17 12:30:22,586 INFO exited: laravel-prolongationoffer-worker-prd_00 (exit status 1; not expected)
2023-02-17 12:30:23,607 INFO spawned: 'laravel-prolongationoffer-worker-prd_00' with pid 73
2023-02-17 12:30:24,621 INFO success: laravel-prolongationoffer-worker-prd_00 entered RUNNING state, process has stayed up for > than 1 seconds (startsecs)
2023-02-27 08:41:22,862 WARN received SIGQUIT indicating exit request
2023-02-27 08:41:22,870 INFO waiting for laravel-prolongationoffer-worker-prd_00 to die
2023-02-27 08:41:23,879 INFO stopped: laravel-prolongationoffer-worker-prd_00 (terminated by SIGTERM)
2023-02-27 08:45:10,763 CRIT Supervisor is running as root.  Privileges were not dropped because no user is specified in the config file.  If you intend to run as root, you can set user=root in the config file to avoid this message.
2023-02-27 08:45:10,770 INFO supervisord started with pid 1
2023-02-27 08:45:11,777 INFO spawned: 'laravel-prolongationoffer-worker-prd_00' with pid 8
2023-02-27 08:45:12,826 INFO success: laravel-prolongationoffer-worker-prd_00 entered RUNNING state, process has stayed up for > than 1 seconds (startsecs)
2023-02-27 09:30:28,118 WARN received SIGQUIT indicating exit request
2023-02-27 09:30:28,119 INFO waiting for laravel-prolongationoffer-worker-prd_00 to die
2023-02-27 09:30:28,120 INFO stopped: laravel-prolongationoffer-worker-prd_00 (terminated by SIGTERM)
